<?xml version="1.0" encoding="UTF-8"?>
<testng-results ignored="0" total="1" passed="1" failed="0" skipped="0">
  <reporter-output>
  </reporter-output>
  <suite started-at="2024-01-19T10:40:37 IST" name="Default suite" finished-at="2024-01-19T10:40:56 IST" duration-ms="18600">
    <groups>
    </groups>
    <test started-at="2024-01-19T10:40:37 IST" name="Default test" finished-at="2024-01-19T10:40:56 IST" duration-ms="18600">
      <class name="com.ExcelRProject_1.SauceDemoProject.SauceDemoTestCases">
        <test-method is-config="true" signature="initialisation()[pri:0, instance:com.ExcelRProject_1.SauceDemoProject.SauceDemoTestCases@74ea2410]" started-at="2024-01-19T10:40:37 IST" name="initialisation" finished-at="2024-01-19T10:40:51 IST" duration-ms="13436" status="PASS">
          <reporter-output>
          </reporter-output>
        </test-method> <!-- initialisation -->
        <test-method signature="cartPageContinueBtnValidation()[pri:23, instance:com.ExcelRProject_1.SauceDemoProject.SauceDemoTestCases@74ea2410]" started-at="2024-01-19T10:40:51 IST" name="cartPageContinueBtnValidation" finished-at="2024-01-19T10:40:56 IST" duration-ms="4766" status="PASS">
          <reporter-output>
          </reporter-output>
        </test-method> <!-- cartPageContinueBtnValidation -->
      </class> <!-- com.ExcelRProject_1.SauceDemoProject.SauceDemoTestCases -->
    </test> <!-- Default test -->
  </suite> <!-- Default suite -->
</testng-results>
